I0507 19:22:26.568914 14049 kids.py:517] Logs will be save to: log/Tue May  7 19_22_26 2019
I0507 19:22:34.462702 14049 blocks.py:242] engine has bag: None
I0507 19:22:34.464137 14049 brains.py:178] Setting up brain Brain_1 ...
I0507 19:22:34.464347 14049 systems.py:106] Setting up block conv1.
I0507 19:22:34.464884 14049 blocks.py:574] Variables of conv1 will use initializer default with arguments {} if the variables have not existed yet
I0507 19:22:37.254626 14049 blocks.py:574] Variables of conv1 will use initializer constant with arguments {'value': 0.0} if the variables have not existed yet
I0507 19:22:37.255324 14049 blocks.py:629] This layer has 832 parameters.
I0507 19:22:37.255429 14049 synapse_layers.py:98] Weight shape [32, 1, 5, 5]
I0507 19:22:37.255497 14049 synapse_layers.py:105] Bias shape [32]
I0507 19:22:37.255643 14049 systems.py:106] Setting up block relu1.
I0507 19:22:37.256348 14049 blocks.py:629] This layer has 0 parameters.
I0507 19:22:37.256559 14049 systems.py:106] Setting up block pool1.
I0507 19:22:37.256746 14049 blocks.py:629] This layer has 0 parameters.
I0507 19:22:37.256880 14049 systems.py:106] Setting up block conv2.
I0507 19:22:37.257171 14049 blocks.py:574] Variables of conv2 will use initializer default with arguments {} if the variables have not existed yet
I0507 19:22:37.258004 14049 blocks.py:574] Variables of conv2 will use initializer constant with arguments {'value': 0.0} if the variables have not existed yet
I0507 19:22:37.258311 14049 blocks.py:629] This layer has 51264 parameters.
I0507 19:22:37.258388 14049 synapse_layers.py:98] Weight shape [64, 32, 5, 5]
I0507 19:22:37.258786 14049 synapse_layers.py:105] Bias shape [64]
I0507 19:22:37.258919 14049 systems.py:106] Setting up block relu2.
I0507 19:22:37.259075 14049 blocks.py:629] This layer has 0 parameters.
I0507 19:22:37.259244 14049 systems.py:106] Setting up block pool2.
I0507 19:22:37.259407 14049 blocks.py:629] This layer has 0 parameters.
I0507 19:22:37.259486 14049 systems.py:106] Setting up block ip1.
I0507 19:22:37.259909 14049 blocks.py:574] Variables of ip1 will use initializer default with arguments {} if the variables have not existed yet
I0507 19:22:37.276652 14049 blocks.py:574] Variables of ip1 will use initializer constant with arguments {'value': 0.0} if the variables have not existed yet
I0507 19:22:37.276973 14049 blocks.py:629] This layer has 1180160 parameters.
I0507 19:22:37.277070 14049 synapse_layers.py:98] Weight shape [2304, 512]
I0507 19:22:37.277135 14049 synapse_layers.py:105] Bias shape [512]
I0507 19:22:37.277239 14049 systems.py:106] Setting up block relu3.
I0507 19:22:37.277402 14049 blocks.py:629] This layer has 0 parameters.
I0507 19:22:37.277487 14049 systems.py:106] Setting up block ip2.
I0507 19:22:37.277621 14049 blocks.py:574] Variables of ip2 will use initializer default with arguments {} if the variables have not existed yet
I0507 19:22:37.277783 14049 blocks.py:629] This layer has 512 parameters.
I0507 19:22:37.277855 14049 synapse_layers.py:98] Weight shape [512, 1]
I0507 19:22:37.277910 14049 synapse_layers.py:101] Bias is disabled.
I0507 19:22:37.277988 14049 systems.py:106] Setting up block ip.
I0507 19:22:37.278122 14049 blocks.py:629] This layer has 0 parameters.
I0507 19:22:37.278205 14049 systems.py:106] Setting up block HingeLoss_1.
I0507 19:22:37.278341 14049 loss_layers.py:25] Using multiplier 1
I0507 19:22:37.278418 14049 blocks.py:629] This layer has 0 parameters.
I0507 19:22:37.278507 14049 systems.py:106] Setting up block Binary_Acc_1.
I0507 19:22:37.278628 14049 blocks.py:629] This layer has 0 parameters.
I0507 19:22:37.278712 14049 blocks.py:629] This layer has 0 parameters.
I0507 19:22:37.279044 14049 sensors.py:578] Waiting worker 0 to join ...
I0507 19:22:37.497565 14049 sensors.py:578] Waiting worker 1 to join ...
I0507 19:22:37.497746 14049 sensors.py:578] Waiting worker 2 to join ...
I0507 19:22:37.497831 14049 sensors.py:578] Waiting worker 3 to join ...
I0507 19:22:37.509312 14049 sensors.py:581] Waiting preloading thread to join ...
I0507 19:22:37.509710 14049 sensors.py:306] Mode val
I0507 19:22:45.741639 14049 systems.py:198] System input shape: [[10, 1, 28, 28], [10]]
I0507 19:22:45.754515 14049 systems.py:278] Connected: mnist/val_data:0 -> conv1
I0507 19:22:45.754728 14049 systems.py:281] Top shape: [10, 32, 28, 28]
I0507 19:22:45.755383 14049 systems.py:278] Connected: conv1 -> relu1
I0507 19:22:45.755531 14049 systems.py:281] Top shape: [10, 32, 28, 28]
I0507 19:22:45.756298 14049 systems.py:278] Connected: relu1 -> pool1
I0507 19:22:45.756447 14049 systems.py:281] Top shape: [10, 32, 14, 14]
I0507 19:22:45.757061 14049 systems.py:278] Connected: pool1 -> conv2
I0507 19:22:45.757194 14049 systems.py:281] Top shape: [10, 64, 14, 14]
I0507 19:22:45.757606 14049 systems.py:278] Connected: conv2 -> relu2
I0507 19:22:45.757729 14049 systems.py:281] Top shape: [10, 64, 14, 14]
I0507 19:22:45.758175 14049 systems.py:278] Connected: relu2 -> pool2
I0507 19:22:45.758302 14049 systems.py:281] Top shape: [10, 64, 6, 6]
I0507 19:22:45.763988 14049 systems.py:278] Connected: pool2 -> ip1
I0507 19:22:45.764187 14049 systems.py:281] Top shape: [10, 512]
I0507 19:22:45.764631 14049 systems.py:278] Connected: ip1 -> relu3
I0507 19:22:45.764752 14049 systems.py:281] Top shape: [10, 512]
I0507 19:22:45.765233 14049 systems.py:278] Connected: relu3 -> ip2
I0507 19:22:45.765353 14049 systems.py:281] Top shape: [10, 1]
I0507 19:22:45.765812 14049 systems.py:278] Connected: ip2 -> ip
I0507 19:22:45.765927 14049 systems.py:281] Top shape: [10]
I0507 19:22:45.767403 14049 systems.py:283] Inputs: ['torch.Size([10])', 'torch.Size([10])']. No outputs.
I0507 19:22:45.768489 14049 systems.py:278] Connected: ['torch.Size([10])', 'torch.Size([10])'] -> engine/Brain_1_val/Binary_Acc_1/Acc:0
I0507 19:22:45.768612 14049 systems.py:281] Top shape: []
I0507 19:22:45.769071 14049 kids.py:358] Begin training brain: Brain_1
I0507 19:22:45.769250 14049 sensors.py:578] Waiting worker 0 to join ...
I0507 19:22:46.774383 14049 sensors.py:578] Waiting worker 1 to join ...
I0507 19:22:46.782944 14049 sensors.py:578] Waiting worker 2 to join ...
I0507 19:22:46.783121 14049 sensors.py:578] Waiting worker 3 to join ...
I0507 19:22:46.783487 14049 sensors.py:581] Waiting preloading thread to join ...
I0507 19:22:46.783818 14049 sensors.py:306] Mode train
I0507 19:22:55.228046 14049 kids.py:361] A epoch of training set contains 60 batches
I0507 19:22:55.228819 14049 callbacks.py:105] Total parameters: 1232768
I0507 19:22:55.248921 14049 callbacks.py:120] Step 0: loss = 3.41881 eval = {'engine/Brain_1/Binary_Acc_1/Acc:0': '0.4700'}
I0507 19:22:55.249418 14049 kids.py:250] Validation Data Eval:
I0507 19:22:55.249614 14049 sensors.py:578] Waiting worker 0 to join ...
I0507 19:22:56.282916 14049 sensors.py:578] Waiting worker 1 to join ...
I0507 19:22:56.283102 14049 sensors.py:578] Waiting worker 2 to join ...
I0507 19:22:56.283209 14049 sensors.py:578] Waiting worker 3 to join ...
I0507 19:22:56.283512 14049 sensors.py:581] Waiting preloading thread to join ...
I0507 19:22:56.283869 14049 sensors.py:306] Mode val
I0507 19:23:04.504319 14049 kids.py:263] A epoch of val set contains 196 batches. Batch size 10.
I0507 19:23:05.203652 14049 callbacks.py:88]   Num examples: 1960  Evals : {'engine/Brain_1_val/Binary_Acc_1/Acc:0': '0.4980'}  VEvals: None
I0507 19:23:05.203807 14049 callbacks.py:96] Current best evals : {'engine/Brain_1_val/Binary_Acc_1/Acc:0_best': '0.4980'}
I0507 19:23:05.203878 14049 callbacks.py:99]   Step 0: Validation loss = 3.282307
I0507 19:23:05.203973 14049 sensors.py:578] Waiting worker 0 to join ...
I0507 19:23:06.254361 14049 sensors.py:578] Waiting worker 1 to join ...
I0507 19:23:06.256880 14049 sensors.py:578] Waiting worker 2 to join ...
I0507 19:23:06.257063 14049 sensors.py:578] Waiting worker 3 to join ...
I0507 19:23:06.257358 14049 sensors.py:581] Waiting preloading thread to join ...
I0507 19:23:06.257688 14049 sensors.py:306] Mode train
I0507 19:23:14.665191 14049 sensors.py:306] Mode train
I0507 19:23:38.705817 14049 callbacks.py:54] Step 10: loss = 1.04970 lr = 0.01000000 acc = {'engine/Brain_1/Binary_Acc_1/Acc:0': '0.4350'} (14172.1 examples/sec 0.014 sec/batch)
I0507 19:23:38.840178 14049 callbacks.py:54] Step 20: loss = 0.58874 lr = 0.01000000 acc = {'engine/Brain_1/Binary_Acc_1/Acc:0': '0.7600'} (16086.5 examples/sec 0.012 sec/batch)
I0507 19:23:38.977682 14049 callbacks.py:54] Step 30: loss = 0.90562 lr = 0.01000000 acc = {'engine/Brain_1/Binary_Acc_1/Acc:0': '0.5700'} (14478.1 examples/sec 0.014 sec/batch)
I0507 19:23:39.100166 14049 callbacks.py:54] Step 40: loss = 0.93393 lr = 0.01000000 acc = {'engine/Brain_1/Binary_Acc_1/Acc:0': '0.5450'} (15096.1 examples/sec 0.013 sec/batch)
I0507 19:23:39.231914 14049 callbacks.py:54] Step 50: loss = 0.91999 lr = 0.01000000 acc = {'engine/Brain_1/Binary_Acc_1/Acc:0': '0.5650'} (15094.8 examples/sec 0.013 sec/batch)
I0507 19:23:39.355305 14049 callbacks.py:54] Step 60: loss = 0.89643 lr = 0.01000000 acc = {'engine/Brain_1/Binary_Acc_1/Acc:0': '0.5600'} (17247.7 examples/sec 0.012 sec/batch)
I0507 19:23:39.355469 14049 callbacks.py:135] Epoch 1 finished.
I0507 19:24:08.354059 14049 kids.py:557] Checkpoint at step 60 saved to folder: log/Tue May  7 19_22_26 2019/model
I0507 19:24:08.354262 14049 kids.py:250] Validation Data Eval:
I0507 19:24:08.354359 14049 sensors.py:578] Waiting worker 0 to join ...
I0507 19:24:09.440692 14049 sensors.py:578] Waiting worker 1 to join ...
I0507 19:24:09.440875 14049 sensors.py:578] Waiting worker 2 to join ...
I0507 19:24:09.440965 14049 sensors.py:578] Waiting worker 3 to join ...
I0507 19:24:09.441299 14049 sensors.py:581] Waiting preloading thread to join ...
I0507 19:24:09.441650 14049 sensors.py:306] Mode val
I0507 19:24:17.736778 14049 kids.py:263] A epoch of val set contains 196 batches. Batch size 10.
I0507 19:24:18.443780 14049 callbacks.py:88]   Num examples: 1960  Evals : {'engine/Brain_1_val/Binary_Acc_1/Acc:0': '0.5378'}  VEvals: None
I0507 19:24:18.443976 14049 callbacks.py:96] Current best evals : {'engine/Brain_1_val/Binary_Acc_1/Acc:0_best': '0.5378'}
I0507 19:24:18.444072 14049 callbacks.py:99]   Step 60: Validation loss = 0.930107
I0507 19:24:18.444182 14049 sensors.py:578] Waiting worker 0 to join ...
I0507 19:24:19.497374 14049 sensors.py:578] Waiting worker 1 to join ...
I0507 19:24:19.497567 14049 sensors.py:578] Waiting worker 2 to join ...
I0507 19:24:19.497646 14049 sensors.py:578] Waiting worker 3 to join ...
I0507 19:24:19.497865 14049 sensors.py:581] Waiting preloading thread to join ...
I0507 19:24:19.498157 14049 sensors.py:306] Mode train
I0507 19:24:28.051558 14049 callbacks.py:54] Step 70: loss = 0.81512 lr = 0.01000000 acc = {'engine/Brain_1/Binary_Acc_1/Acc:0': '0.6200'} (14974.6 examples/sec 0.013 sec/batch)
I0507 19:24:28.195431 14049 callbacks.py:54] Step 80: loss = 0.97279 lr = 0.01000000 acc = {'engine/Brain_1/Binary_Acc_1/Acc:0': '0.5250'} (13823.4 examples/sec 0.014 sec/batch)
I0507 19:24:28.333273 14049 callbacks.py:54] Step 90: loss = 0.84918 lr = 0.01000000 acc = {'engine/Brain_1/Binary_Acc_1/Acc:0': '0.5950'} (17602.4 examples/sec 0.011 sec/batch)
I0507 19:24:28.460039 14049 callbacks.py:54] Step 100: loss = 0.81482 lr = 0.01000000 acc = {'engine/Brain_1/Binary_Acc_1/Acc:0': '0.6050'} (16789.0 examples/sec 0.012 sec/batch)
I0507 19:24:28.580974 14049 callbacks.py:54] Step 110: loss = 0.95384 lr = 0.01000000 acc = {'engine/Brain_1/Binary_Acc_1/Acc:0': '0.5350'} (16920.0 examples/sec 0.012 sec/batch)
I0507 19:24:28.699716 14049 callbacks.py:54] Step 120: loss = 0.81844 lr = 0.01000000 acc = {'engine/Brain_1/Binary_Acc_1/Acc:0': '0.6200'} (18353.4 examples/sec 0.011 sec/batch)
I0507 19:24:28.699875 14049 callbacks.py:135] Epoch 2 finished.
I0507 19:25:07.352831 14049 kids.py:557] Checkpoint at step 120 saved to folder: log/Tue May  7 19_22_26 2019/model
I0507 19:25:07.352998 14049 kids.py:250] Validation Data Eval:
I0507 19:25:07.353140 14049 sensors.py:578] Waiting worker 0 to join ...
I0507 19:25:07.778347 14049 sensors.py:578] Waiting worker 1 to join ...
I0507 19:25:07.778510 14049 sensors.py:578] Waiting worker 2 to join ...
I0507 19:25:07.778589 14049 sensors.py:578] Waiting worker 3 to join ...
I0507 19:25:07.778820 14049 sensors.py:581] Waiting preloading thread to join ...
I0507 19:25:07.779071 14049 sensors.py:306] Mode val
I0507 19:25:15.898558 14049 kids.py:263] A epoch of val set contains 196 batches. Batch size 10.
I0507 19:25:16.673467 14049 callbacks.py:88]   Num examples: 1960  Evals : {'engine/Brain_1_val/Binary_Acc_1/Acc:0': '0.5786'}  VEvals: None
I0507 19:25:16.673604 14049 callbacks.py:96] Current best evals : {'engine/Brain_1_val/Binary_Acc_1/Acc:0_best': '0.5786'}
I0507 19:25:16.673670 14049 callbacks.py:99]   Step 120: Validation loss = 0.890463
I0507 19:25:16.673761 14049 sensors.py:578] Waiting worker 0 to join ...
I0507 19:25:17.741074 14049 sensors.py:578] Waiting worker 1 to join ...
I0507 19:25:17.741241 14049 sensors.py:578] Waiting worker 2 to join ...
I0507 19:25:17.741321 14049 sensors.py:578] Waiting worker 3 to join ...
I0507 19:25:17.741582 14049 sensors.py:581] Waiting preloading thread to join ...
I0507 19:25:17.741946 14049 sensors.py:306] Mode train
I0507 19:25:26.213555 14049 callbacks.py:54] Step 130: loss = 0.91998 lr = 0.01000000 acc = {'engine/Brain_1/Binary_Acc_1/Acc:0': '0.5700'} (13349.6 examples/sec 0.015 sec/batch)
I0507 19:25:26.361375 14049 callbacks.py:54] Step 140: loss = 0.87328 lr = 0.01000000 acc = {'engine/Brain_1/Binary_Acc_1/Acc:0': '0.5850'} (15212.7 examples/sec 0.013 sec/batch)
I0507 19:25:26.497568 14049 callbacks.py:54] Step 150: loss = 0.77423 lr = 0.01000000 acc = {'engine/Brain_1/Binary_Acc_1/Acc:0': '0.6250'} (15359.0 examples/sec 0.013 sec/batch)
I0507 19:25:26.624279 14049 callbacks.py:54] Step 160: loss = 0.88514 lr = 0.01000000 acc = {'engine/Brain_1/Binary_Acc_1/Acc:0': '0.5650'} (16720.7 examples/sec 0.012 sec/batch)
I0507 19:25:26.743083 14049 callbacks.py:54] Step 170: loss = 0.73579 lr = 0.01000000 acc = {'engine/Brain_1/Binary_Acc_1/Acc:0': '0.6500'} (17474.8 examples/sec 0.011 sec/batch)
I0507 19:25:26.862638 14049 callbacks.py:54] Step 180: loss = 0.76020 lr = 0.01000000 acc = {'engine/Brain_1/Binary_Acc_1/Acc:0': '0.6700'} (17026.1 examples/sec 0.012 sec/batch)
I0507 19:25:26.862784 14049 callbacks.py:135] Epoch 3 finished.
I0507 19:25:58.156958 14049 kids.py:557] Checkpoint at step 180 saved to folder: log/Tue May  7 19_22_26 2019/model
I0507 19:25:58.157140 14049 kids.py:250] Validation Data Eval:
I0507 19:25:58.157259 14049 sensors.py:578] Waiting worker 0 to join ...
I0507 19:25:58.911154 14049 sensors.py:578] Waiting worker 1 to join ...
I0507 19:25:58.911319 14049 sensors.py:578] Waiting worker 2 to join ...
I0507 19:25:58.911436 14049 sensors.py:578] Waiting worker 3 to join ...
I0507 19:25:58.911689 14049 sensors.py:581] Waiting preloading thread to join ...
I0507 19:25:58.912014 14049 sensors.py:306] Mode val
I0507 19:26:07.084372 14049 kids.py:263] A epoch of val set contains 196 batches. Batch size 10.
I0507 19:26:07.801212 14049 callbacks.py:88]   Num examples: 1960  Evals : {'engine/Brain_1_val/Binary_Acc_1/Acc:0': '0.6224'}  VEvals: None
I0507 19:26:07.801446 14049 callbacks.py:96] Current best evals : {'engine/Brain_1_val/Binary_Acc_1/Acc:0_best': '0.6224'}
I0507 19:26:07.801527 14049 callbacks.py:99]   Step 180: Validation loss = 0.769570
I0507 19:26:07.801657 14049 sensors.py:578] Waiting worker 0 to join ...
I0507 19:26:08.858711 14049 sensors.py:578] Waiting worker 1 to join ...
I0507 19:26:08.858874 14049 sensors.py:578] Waiting worker 2 to join ...
I0507 19:26:08.858947 14049 sensors.py:578] Waiting worker 3 to join ...
I0507 19:26:08.859241 14049 sensors.py:581] Waiting preloading thread to join ...
I0507 19:26:08.859526 14049 sensors.py:306] Mode train
I0507 19:26:17.232309 14049 callbacks.py:54] Step 190: loss = 0.73919 lr = 0.01000000 acc = {'engine/Brain_1/Binary_Acc_1/Acc:0': '0.6450'} (13952.9 examples/sec 0.014 sec/batch)
I0507 19:26:17.377434 14049 callbacks.py:54] Step 200: loss = 0.52393 lr = 0.01000000 acc = {'engine/Brain_1/Binary_Acc_1/Acc:0': '0.7550'} (12623.7 examples/sec 0.016 sec/batch)
I0507 19:26:17.510436 14049 callbacks.py:54] Step 210: loss = 0.65791 lr = 0.01000000 acc = {'engine/Brain_1/Binary_Acc_1/Acc:0': '0.6800'} (16849.3 examples/sec 0.012 sec/batch)
I0507 19:26:17.626789 14049 callbacks.py:54] Step 220: loss = 0.57760 lr = 0.01000000 acc = {'engine/Brain_1/Binary_Acc_1/Acc:0': '0.7350'} (17136.7 examples/sec 0.012 sec/batch)
I0507 19:26:17.744172 14049 callbacks.py:54] Step 230: loss = 0.47280 lr = 0.01000000 acc = {'engine/Brain_1/Binary_Acc_1/Acc:0': '0.7700'} (17778.5 examples/sec 0.011 sec/batch)
I0507 19:26:17.859154 14049 callbacks.py:54] Step 240: loss = 0.42937 lr = 0.01000000 acc = {'engine/Brain_1/Binary_Acc_1/Acc:0': '0.8000'} (17898.8 examples/sec 0.011 sec/batch)
I0507 19:26:17.859310 14049 callbacks.py:135] Epoch 4 finished.
I0507 19:26:50.794874 14049 kids.py:557] Checkpoint at step 240 saved to folder: log/Tue May  7 19_22_26 2019/model
I0507 19:26:50.795041 14049 kids.py:250] Validation Data Eval:
I0507 19:26:50.795167 14049 sensors.py:578] Waiting worker 0 to join ...
I0507 19:26:50.933495 14049 sensors.py:578] Waiting worker 1 to join ...
I0507 19:26:50.942066 14049 sensors.py:578] Waiting worker 2 to join ...
I0507 19:26:50.942254 14049 sensors.py:578] Waiting worker 3 to join ...
I0507 19:26:50.942525 14049 sensors.py:581] Waiting preloading thread to join ...
I0507 19:26:50.942880 14049 sensors.py:306] Mode val
I0507 19:26:59.307390 14049 kids.py:263] A epoch of val set contains 196 batches. Batch size 10.
I0507 19:27:00.012137 14049 callbacks.py:88]   Num examples: 1960  Evals : {'engine/Brain_1_val/Binary_Acc_1/Acc:0': '0.6908'}  VEvals: None
I0507 19:27:00.012277 14049 callbacks.py:96] Current best evals : {'engine/Brain_1_val/Binary_Acc_1/Acc:0_best': '0.6908'}
I0507 19:27:00.012342 14049 callbacks.py:99]   Step 240: Validation loss = 0.671188
I0507 19:27:00.012430 14049 sensors.py:578] Waiting worker 0 to join ...
I0507 19:27:01.049437 14049 sensors.py:578] Waiting worker 1 to join ...
I0507 19:27:01.060449 14049 sensors.py:578] Waiting worker 2 to join ...
I0507 19:27:01.060705 14049 sensors.py:578] Waiting worker 3 to join ...
I0507 19:27:01.061057 14049 sensors.py:581] Waiting preloading thread to join ...
I0507 19:27:01.061416 14049 sensors.py:306] Mode train
I0507 19:27:09.398483 14049 callbacks.py:54] Step 250: loss = 0.37161 lr = 0.01000000 acc = {'engine/Brain_1/Binary_Acc_1/Acc:0': '0.9300'} (13119.1 examples/sec 0.015 sec/batch)
I0507 19:27:09.540700 14049 callbacks.py:54] Step 260: loss = 0.47192 lr = 0.01000000 acc = {'engine/Brain_1/Binary_Acc_1/Acc:0': '0.8100'} (15671.7 examples/sec 0.013 sec/batch)
I0507 19:27:09.673877 14049 callbacks.py:54] Step 270: loss = 0.18457 lr = 0.01000000 acc = {'engine/Brain_1/Binary_Acc_1/Acc:0': '0.9750'} (17024.4 examples/sec 0.012 sec/batch)
I0507 19:27:09.796996 14049 callbacks.py:54] Step 280: loss = 0.11989 lr = 0.01000000 acc = {'engine/Brain_1/Binary_Acc_1/Acc:0': '0.9600'} (17332.6 examples/sec 0.012 sec/batch)
I0507 19:27:09.918344 14049 callbacks.py:54] Step 290: loss = 0.12676 lr = 0.01000000 acc = {'engine/Brain_1/Binary_Acc_1/Acc:0': '0.9500'} (16875.4 examples/sec 0.012 sec/batch)
I0507 19:27:10.041305 14049 callbacks.py:54] Step 300: loss = 0.10657 lr = 0.01000000 acc = {'engine/Brain_1/Binary_Acc_1/Acc:0': '0.9700'} (16734.7 examples/sec 0.012 sec/batch)
I0507 19:27:10.041449 14049 callbacks.py:135] Epoch 5 finished.
I0507 19:27:41.536415 14049 kids.py:557] Checkpoint at step 300 saved to folder: log/Tue May  7 19_22_26 2019/model
I0507 19:27:41.536596 14049 kids.py:250] Validation Data Eval:
I0507 19:27:41.536750 14049 sensors.py:578] Waiting worker 0 to join ...
I0507 19:27:42.082462 14049 sensors.py:578] Waiting worker 1 to join ...
I0507 19:27:42.089504 14049 sensors.py:578] Waiting worker 2 to join ...
I0507 19:27:42.089685 14049 sensors.py:578] Waiting worker 3 to join ...
I0507 19:27:42.089953 14049 sensors.py:581] Waiting preloading thread to join ...
I0507 19:27:42.090365 14049 sensors.py:306] Mode val
I0507 19:27:50.470189 14049 kids.py:263] A epoch of val set contains 196 batches. Batch size 10.
I0507 19:27:51.277257 14049 callbacks.py:88]   Num examples: 1960  Evals : {'engine/Brain_1_val/Binary_Acc_1/Acc:0': '0.9393'}  VEvals: None
I0507 19:27:51.277411 14049 callbacks.py:96] Current best evals : {'engine/Brain_1_val/Binary_Acc_1/Acc:0_best': '0.9393'}
I0507 19:27:51.277483 14049 callbacks.py:99]   Step 300: Validation loss = 0.162765
I0507 19:27:51.277584 14049 sensors.py:578] Waiting worker 0 to join ...
I0507 19:27:52.334777 14049 sensors.py:578] Waiting worker 1 to join ...
I0507 19:27:52.336769 14049 sensors.py:578] Waiting worker 2 to join ...
I0507 19:27:52.336897 14049 sensors.py:578] Waiting worker 3 to join ...
I0507 19:27:52.337152 14049 sensors.py:581] Waiting preloading thread to join ...
I0507 19:27:52.337590 14049 sensors.py:306] Mode train
I0507 19:28:00.776421 14049 callbacks.py:54] Step 310: loss = 0.09186 lr = 0.01000000 acc = {'engine/Brain_1/Binary_Acc_1/Acc:0': '0.9650'} (14653.6 examples/sec 0.014 sec/batch)
I0507 19:28:00.915237 14049 callbacks.py:54] Step 320: loss = 0.14417 lr = 0.01000000 acc = {'engine/Brain_1/Binary_Acc_1/Acc:0': '0.9600'} (15275.3 examples/sec 0.013 sec/batch)
I0507 19:28:01.051785 14049 callbacks.py:54] Step 330: loss = 0.13215 lr = 0.01000000 acc = {'engine/Brain_1/Binary_Acc_1/Acc:0': '0.9450'} (15624.4 examples/sec 0.013 sec/batch)
I0507 19:28:01.189411 14049 callbacks.py:54] Step 340: loss = 0.09030 lr = 0.01000000 acc = {'engine/Brain_1/Binary_Acc_1/Acc:0': '0.9700'} (14565.6 examples/sec 0.014 sec/batch)
I0507 19:28:01.317098 14049 callbacks.py:54] Step 350: loss = 0.16406 lr = 0.01000000 acc = {'engine/Brain_1/Binary_Acc_1/Acc:0': '0.9500'} (16118.3 examples/sec 0.012 sec/batch)
I0507 19:28:01.436567 14049 callbacks.py:54] Step 360: loss = 0.05744 lr = 0.01000000 acc = {'engine/Brain_1/Binary_Acc_1/Acc:0': '0.9700'} (16639.8 examples/sec 0.012 sec/batch)
I0507 19:28:01.436839 14049 callbacks.py:135] Epoch 6 finished.
I0507 19:28:33.062054 14049 kids.py:557] Checkpoint at step 360 saved to folder: log/Tue May  7 19_22_26 2019/model
I0507 19:28:33.062298 14049 kids.py:250] Validation Data Eval:
I0507 19:28:33.062496 14049 sensors.py:578] Waiting worker 0 to join ...
I0507 19:28:33.505990 14049 sensors.py:578] Waiting worker 1 to join ...
I0507 19:28:33.511565 14049 sensors.py:578] Waiting worker 2 to join ...
I0507 19:28:33.511765 14049 sensors.py:578] Waiting worker 3 to join ...
I0507 19:28:33.512070 14049 sensors.py:581] Waiting preloading thread to join ...
I0507 19:28:33.512445 14049 sensors.py:306] Mode val
I0507 19:28:41.836575 14049 kids.py:263] A epoch of val set contains 196 batches. Batch size 10.
I0507 19:28:42.560312 14049 callbacks.py:88]   Num examples: 1960  Evals : {'engine/Brain_1_val/Binary_Acc_1/Acc:0': '0.9730'}  VEvals: None
I0507 19:28:42.560462 14049 callbacks.py:96] Current best evals : {'engine/Brain_1_val/Binary_Acc_1/Acc:0_best': '0.9730'}
I0507 19:28:42.560534 14049 callbacks.py:99]   Step 360: Validation loss = 0.123403
I0507 19:28:42.560655 14049 sensors.py:578] Waiting worker 0 to join ...
I0507 19:28:43.619168 14049 sensors.py:578] Waiting worker 1 to join ...
I0507 19:28:43.619335 14049 sensors.py:578] Waiting worker 2 to join ...
I0507 19:28:43.619425 14049 sensors.py:578] Waiting worker 3 to join ...
I0507 19:28:43.619670 14049 sensors.py:581] Waiting preloading thread to join ...
I0507 19:28:43.619950 14049 sensors.py:306] Mode train
I0507 19:28:51.977495 14049 callbacks.py:54] Step 370: loss = 0.00791 lr = 0.00100000 acc = {'engine/Brain_1/Binary_Acc_1/Acc:0': '0.9950'} (13405.0 examples/sec 0.015 sec/batch)
I0507 19:28:52.130918 14049 callbacks.py:54] Step 380: loss = 0.04192 lr = 0.00100000 acc = {'engine/Brain_1/Binary_Acc_1/Acc:0': '0.9850'} (14388.0 examples/sec 0.014 sec/batch)
I0507 19:28:52.280091 14049 callbacks.py:54] Step 390: loss = 0.04016 lr = 0.00100000 acc = {'engine/Brain_1/Binary_Acc_1/Acc:0': '0.9850'} (16209.9 examples/sec 0.012 sec/batch)
I0507 19:28:52.404137 14049 callbacks.py:54] Step 400: loss = 0.06579 lr = 0.00100000 acc = {'engine/Brain_1/Binary_Acc_1/Acc:0': '0.9700'} (17126.2 examples/sec 0.012 sec/batch)
I0507 19:28:52.524466 14049 callbacks.py:54] Step 410: loss = 0.03141 lr = 0.00100000 acc = {'engine/Brain_1/Binary_Acc_1/Acc:0': '0.9850'} (17478.5 examples/sec 0.011 sec/batch)
I0507 19:28:52.643101 14049 callbacks.py:54] Step 420: loss = 0.01114 lr = 0.00100000 acc = {'engine/Brain_1/Binary_Acc_1/Acc:0': '0.9950'} (18182.7 examples/sec 0.011 sec/batch)
I0507 19:28:52.643275 14049 callbacks.py:135] Epoch 7 finished.
I0507 19:29:22.961639 14049 kids.py:557] Checkpoint at step 420 saved to folder: log/Tue May  7 19_22_26 2019/model
I0507 19:29:22.961868 14049 kids.py:250] Validation Data Eval:
I0507 19:29:22.962014 14049 sensors.py:578] Waiting worker 0 to join ...
I0507 19:29:23.715134 14049 sensors.py:578] Waiting worker 1 to join ...
I0507 19:29:23.723524 14049 sensors.py:578] Waiting worker 2 to join ...
I0507 19:29:23.723695 14049 sensors.py:578] Waiting worker 3 to join ...
I0507 19:29:23.723981 14049 sensors.py:581] Waiting preloading thread to join ...
I0507 19:29:23.724290 14049 sensors.py:306] Mode val
I0507 19:29:31.972578 14049 kids.py:263] A epoch of val set contains 196 batches. Batch size 10.
I0507 19:29:32.680479 14049 callbacks.py:88]   Num examples: 1960  Evals : {'engine/Brain_1_val/Binary_Acc_1/Acc:0': '0.9821'}  VEvals: None
I0507 19:29:32.680615 14049 callbacks.py:96] Current best evals : {'engine/Brain_1_val/Binary_Acc_1/Acc:0_best': '0.9821'}
I0507 19:29:32.680683 14049 callbacks.py:99]   Step 420: Validation loss = 0.056908
I0507 19:29:32.680776 14049 sensors.py:578] Waiting worker 0 to join ...
I0507 19:29:33.741447 14049 sensors.py:578] Waiting worker 1 to join ...
I0507 19:29:33.741620 14049 sensors.py:578] Waiting worker 2 to join ...
I0507 19:29:33.741718 14049 sensors.py:578] Waiting worker 3 to join ...
I0507 19:29:33.741984 14049 sensors.py:581] Waiting preloading thread to join ...
I0507 19:29:33.742262 14049 sensors.py:306] Mode train
I0507 19:29:42.136137 14049 callbacks.py:54] Step 430: loss = 0.04777 lr = 0.00100000 acc = {'engine/Brain_1/Binary_Acc_1/Acc:0': '0.9900'} (12366.9 examples/sec 0.016 sec/batch)
I0507 19:29:42.285273 14049 callbacks.py:54] Step 440: loss = 0.04690 lr = 0.00100000 acc = {'engine/Brain_1/Binary_Acc_1/Acc:0': '0.9900'} (14398.8 examples/sec 0.014 sec/batch)
I0507 19:29:42.418537 14049 callbacks.py:54] Step 450: loss = 0.02860 lr = 0.00100000 acc = {'engine/Brain_1/Binary_Acc_1/Acc:0': '0.9950'} (16444.4 examples/sec 0.012 sec/batch)
I0507 19:29:42.542307 14049 callbacks.py:54] Step 460: loss = 0.05123 lr = 0.00100000 acc = {'engine/Brain_1/Binary_Acc_1/Acc:0': '0.9900'} (17244.2 examples/sec 0.012 sec/batch)
I0507 19:29:42.662390 14049 callbacks.py:54] Step 470: loss = 0.02247 lr = 0.00100000 acc = {'engine/Brain_1/Binary_Acc_1/Acc:0': '1.0000'} (18247.6 examples/sec 0.011 sec/batch)
I0507 19:29:42.782132 14049 callbacks.py:54] Step 480: loss = 0.10346 lr = 0.00100000 acc = {'engine/Brain_1/Binary_Acc_1/Acc:0': '0.9700'} (16325.3 examples/sec 0.012 sec/batch)
I0507 19:29:42.782278 14049 callbacks.py:135] Epoch 8 finished.
I0507 19:30:13.225492 14049 kids.py:557] Checkpoint at step 480 saved to folder: log/Tue May  7 19_22_26 2019/model
I0507 19:30:13.225735 14049 kids.py:250] Validation Data Eval:
I0507 19:30:13.225891 14049 sensors.py:578] Waiting worker 0 to join ...
I0507 19:30:13.859168 14049 sensors.py:578] Waiting worker 1 to join ...
I0507 19:30:13.859360 14049 sensors.py:578] Waiting worker 2 to join ...
I0507 19:30:13.859461 14049 sensors.py:578] Waiting worker 3 to join ...
I0507 19:30:13.859717 14049 sensors.py:581] Waiting preloading thread to join ...
I0507 19:30:13.860096 14049 sensors.py:306] Mode val
I0507 19:30:22.110497 14049 kids.py:263] A epoch of val set contains 196 batches. Batch size 10.
I0507 19:30:22.853253 14049 callbacks.py:88]   Num examples: 1960  Evals : {'engine/Brain_1_val/Binary_Acc_1/Acc:0': '0.9852'}  VEvals: None
I0507 19:30:22.853404 14049 callbacks.py:96] Current best evals : {'engine/Brain_1_val/Binary_Acc_1/Acc:0_best': '0.9852'}
I0507 19:30:22.853474 14049 callbacks.py:99]   Step 480: Validation loss = 0.048717
I0507 19:30:22.853598 14049 sensors.py:578] Waiting worker 0 to join ...
I0507 19:30:23.912465 14049 sensors.py:578] Waiting worker 1 to join ...
I0507 19:30:23.916158 14049 sensors.py:578] Waiting worker 2 to join ...
I0507 19:30:23.916327 14049 sensors.py:578] Waiting worker 3 to join ...
I0507 19:30:23.916581 14049 sensors.py:581] Waiting preloading thread to join ...
I0507 19:30:23.916939 14049 sensors.py:306] Mode train
I0507 19:30:32.338990 14049 callbacks.py:54] Step 490: loss = 0.02926 lr = 0.00100000 acc = {'engine/Brain_1/Binary_Acc_1/Acc:0': '0.9900'} (15124.1 examples/sec 0.013 sec/batch)
I0507 19:30:32.476149 14049 callbacks.py:54] Step 500: loss = 0.04472 lr = 0.00100000 acc = {'engine/Brain_1/Binary_Acc_1/Acc:0': '0.9850'} (16667.9 examples/sec 0.012 sec/batch)
I0507 19:30:32.606893 14049 callbacks.py:54] Step 510: loss = 0.03992 lr = 0.00100000 acc = {'engine/Brain_1/Binary_Acc_1/Acc:0': '0.9800'} (17074.7 examples/sec 0.012 sec/batch)
I0507 19:30:32.727315 14049 callbacks.py:54] Step 520: loss = 0.04416 lr = 0.00100000 acc = {'engine/Brain_1/Binary_Acc_1/Acc:0': '0.9800'} (17392.6 examples/sec 0.011 sec/batch)
I0507 19:30:32.846936 14049 callbacks.py:54] Step 530: loss = 0.02162 lr = 0.00100000 acc = {'engine/Brain_1/Binary_Acc_1/Acc:0': '0.9900'} (16790.6 examples/sec 0.012 sec/batch)
I0507 19:30:32.970450 14049 callbacks.py:54] Step 540: loss = 0.03254 lr = 0.00100000 acc = {'engine/Brain_1/Binary_Acc_1/Acc:0': '0.9850'} (15885.1 examples/sec 0.013 sec/batch)
I0507 19:30:32.970627 14049 callbacks.py:135] Epoch 9 finished.
I0507 19:31:04.385289 14049 kids.py:557] Checkpoint at step 540 saved to folder: log/Tue May  7 19_22_26 2019/model
I0507 19:31:04.385546 14049 kids.py:250] Validation Data Eval:
I0507 19:31:04.385728 14049 sensors.py:578] Waiting worker 0 to join ...
I0507 19:31:05.014780 14049 sensors.py:578] Waiting worker 1 to join ...
I0507 19:31:05.014970 14049 sensors.py:578] Waiting worker 2 to join ...
I0507 19:31:05.015051 14049 sensors.py:578] Waiting worker 3 to join ...
I0507 19:31:05.015273 14049 sensors.py:581] Waiting preloading thread to join ...
I0507 19:31:05.015568 14049 sensors.py:306] Mode val
I0507 19:31:13.341425 14049 kids.py:263] A epoch of val set contains 196 batches. Batch size 10.
I0507 19:31:14.023987 14049 callbacks.py:88]   Num examples: 1960  Evals : {'engine/Brain_1_val/Binary_Acc_1/Acc:0': '0.9857'}  VEvals: None
I0507 19:31:14.024116 14049 callbacks.py:96] Current best evals : {'engine/Brain_1_val/Binary_Acc_1/Acc:0_best': '0.9857'}
I0507 19:31:14.024184 14049 callbacks.py:99]   Step 540: Validation loss = 0.047666
I0507 19:31:14.024281 14049 sensors.py:578] Waiting worker 0 to join ...
I0507 19:31:15.071135 14049 sensors.py:578] Waiting worker 1 to join ...
I0507 19:31:15.071297 14049 sensors.py:578] Waiting worker 2 to join ...
I0507 19:31:15.071623 14049 sensors.py:578] Waiting worker 3 to join ...
I0507 19:31:15.071891 14049 sensors.py:581] Waiting preloading thread to join ...
I0507 19:31:15.072138 14049 sensors.py:306] Mode train
I0507 19:31:23.586969 14049 callbacks.py:54] Step 550: loss = 0.04151 lr = 0.00100000 acc = {'engine/Brain_1/Binary_Acc_1/Acc:0': '0.9800'} (13429.1 examples/sec 0.015 sec/batch)
I0507 19:31:23.719228 14049 callbacks.py:54] Step 560: loss = 0.03747 lr = 0.00100000 acc = {'engine/Brain_1/Binary_Acc_1/Acc:0': '0.9850'} (15452.0 examples/sec 0.013 sec/batch)
I0507 19:31:23.853923 14049 callbacks.py:54] Step 570: loss = 0.04443 lr = 0.00100000 acc = {'engine/Brain_1/Binary_Acc_1/Acc:0': '0.9850'} (16470.5 examples/sec 0.012 sec/batch)
I0507 19:31:23.980444 14049 callbacks.py:54] Step 580: loss = 0.01401 lr = 0.00100000 acc = {'engine/Brain_1/Binary_Acc_1/Acc:0': '1.0000'} (14809.9 examples/sec 0.014 sec/batch)
I0507 19:31:24.106655 14049 callbacks.py:54] Step 590: loss = 0.05812 lr = 0.00100000 acc = {'engine/Brain_1/Binary_Acc_1/Acc:0': '0.9750'} (15929.1 examples/sec 0.013 sec/batch)
I0507 19:31:24.240304 14049 callbacks.py:54] Step 600: loss = 0.05969 lr = 0.00100000 acc = {'engine/Brain_1/Binary_Acc_1/Acc:0': '0.9850'} (16349.2 examples/sec 0.012 sec/batch)
I0507 19:31:24.240472 14049 callbacks.py:135] Epoch 10 finished.
I0507 19:31:55.739170 14049 kids.py:557] Checkpoint at step 600 saved to folder: log/Tue May  7 19_22_26 2019/model
I0507 19:31:55.739341 14049 kids.py:250] Validation Data Eval:
I0507 19:31:55.739457 14049 sensors.py:578] Waiting worker 0 to join ...
I0507 19:31:56.349502 14049 sensors.py:578] Waiting worker 1 to join ...
I0507 19:31:56.349706 14049 sensors.py:578] Waiting worker 2 to join ...
I0507 19:31:56.356045 14049 sensors.py:578] Waiting worker 3 to join ...
I0507 19:31:56.356418 14049 sensors.py:581] Waiting preloading thread to join ...
I0507 19:31:56.356781 14049 sensors.py:306] Mode val
I0507 19:32:04.665788 14049 kids.py:263] A epoch of val set contains 196 batches. Batch size 10.
I0507 19:32:05.396457 14049 callbacks.py:88]   Num examples: 1960  Evals : {'engine/Brain_1_val/Binary_Acc_1/Acc:0': '0.9847'}  VEvals: None
I0507 19:32:05.396599 14049 callbacks.py:96] Current best evals : {'engine/Brain_1_val/Binary_Acc_1/Acc:0_best': '0.9857'}
I0507 19:32:05.396664 14049 callbacks.py:99]   Step 600: Validation loss = 0.045409
I0507 19:32:05.396748 14049 sensors.py:578] Waiting worker 0 to join ...
I0507 19:32:06.452155 14049 sensors.py:578] Waiting worker 1 to join ...
I0507 19:32:06.459037 14049 sensors.py:578] Waiting worker 2 to join ...
I0507 19:32:06.459213 14049 sensors.py:578] Waiting worker 3 to join ...
I0507 19:32:06.459501 14049 sensors.py:581] Waiting preloading thread to join ...
I0507 19:32:06.459877 14049 sensors.py:306] Mode train
I0507 19:32:14.759874 14049 sensors.py:578] Waiting worker 0 to join ...
I0507 19:32:15.799766 14049 sensors.py:578] Waiting worker 1 to join ...
I0507 19:32:15.799989 14049 sensors.py:578] Waiting worker 2 to join ...
I0507 19:32:15.800090 14049 sensors.py:578] Waiting worker 3 to join ...
I0507 19:32:15.800457 14049 sensors.py:581] Waiting preloading thread to join ...
I0507 19:32:15.800833 14049 sensors.py:578] Waiting worker 0 to join ...
I0507 19:32:16.418419 14049 sensors.py:578] Waiting worker 1 to join ...
I0507 19:32:16.418608 14049 sensors.py:578] Waiting worker 2 to join ...
I0507 19:32:16.418704 14049 sensors.py:578] Waiting worker 3 to join ...
I0507 19:32:16.418974 14049 sensors.py:581] Waiting preloading thread to join ...
